<?xml version="1.0" encoding="utf-8" standalone="no"?>
<!--This file represents the results of running a test suite-->
<test-results name="C:\src\castle\build\net-2.0\debug\Castle.Core.Tests.dll" total="168" failures="0" not-run="3" date="2007-09-20" time="12:14:50">
  <environment nunit-version="2.2.8.0" clr-version="2.0.50727.832" os-version="Microsoft Windows NT 5.1.2600 Service Pack 2" platform="Win32NT" cwd="C:\src\castle" machine-name="D65C2FD1" user="nbdata" user-domain="D65C2FD1" />
  <culture-info current-culture="en-US" current-uiculture="en-US" />
  <test-suite name="C:\src\castle\build\net-2.0\debug\Castle.Core.Tests.dll" success="True" time="0.813" asserts="0">
    <results>
      <test-suite name="Castle" success="True" time="0.813" asserts="0">
        <results>
          <test-suite name="Castle.Core" success="True" time="0.813" asserts="0">
            <results>
              <test-suite name="Castle.Core.Tests" success="True" time="0.172" asserts="0">
                <results>
                  <test-suite name="Castle.Core.Tests.Resources" success="True" time="0.141" asserts="0">
                    <results>
                      <test-suite name="Castle.Core.Tests.Resources.AssemblyResourceFactoryTestCase" success="True" time="0.016" asserts="0">
                        <results>
                          <test-case name="Castle.Core.Tests.Resources.AssemblyResourceFactoryTestCase.Accept" executed="True" success="True" time="0.000" asserts="3" />
                          <test-case name="Castle.Core.Tests.Resources.AssemblyResourceFactoryTestCase.CreateWithAbsolutePath" executed="True" success="True" time="0.000" asserts="2" />
                        </results>
                      </test-suite>
                      <test-suite name="Castle.Core.Tests.Resources.CustomUriTestCase" success="True" time="0.000" asserts="0">
                        <results>
                          <test-case name="Castle.Core.Tests.Resources.CustomUriTestCase.FileUris" executed="True" success="True" time="0.000" asserts="5" />
                          <test-case name="Castle.Core.Tests.Resources.CustomUriTestCase.FileUris2" executed="True" success="True" time="0.000" asserts="5" />
                          <test-case name="Castle.Core.Tests.Resources.CustomUriTestCase.FileUris3" executed="True" success="True" time="0.000" asserts="5" />
                          <test-case name="Castle.Core.Tests.Resources.CustomUriTestCase.AssemblyUri" executed="True" success="True" time="0.000" asserts="5" />
                          <test-case name="Castle.Core.Tests.Resources.CustomUriTestCase.AssemblyUri2" executed="True" success="True" time="0.000" asserts="5" />
                        </results>
                      </test-suite>
                      <test-suite name="Castle.Core.Tests.Resources.FileResourceFactoryTestCase" success="True" time="0.125" asserts="0">
                        <results>
                          <test-case name="Castle.Core.Tests.Resources.FileResourceFactoryTestCase.Accept" executed="True" success="True" time="0.000" asserts="2" />
                          <test-case name="Castle.Core.Tests.Resources.FileResourceFactoryTestCase.CreateWithAbsolutePath" executed="True" success="True" time="0.000" asserts="2" />
                          <test-case name="Castle.Core.Tests.Resources.FileResourceFactoryTestCase.CreateWithRelativePath" executed="True" success="True" time="0.000" asserts="2" />
                          <test-case name="Castle.Core.Tests.Resources.FileResourceFactoryTestCase.CreateWithRelativePathAndContext" executed="True" success="True" time="0.031" asserts="2" />
                          <test-case name="Castle.Core.Tests.Resources.FileResourceFactoryTestCase.NonExistingResource" executed="True" success="True" time="0.047" asserts="0" />
                        </results>
                      </test-suite>
                      <test-suite name="Castle.Core.Tests.Resources.UncResourceFactoryTestCase" success="True" time="0.000" asserts="0">
                        <results>
                          <test-case name="Castle.Core.Tests.Resources.UncResourceFactoryTestCase.Accept" executed="True" success="True" time="0.000" asserts="2" />
                          <test-case name="Castle.Core.Tests.Resources.UncResourceFactoryTestCase.CreateWithAbsolutePath" executed="False">
                            <reason>
                              <message><![CDATA[Explicit selection required]]></message>
                            </reason>
                          </test-case>
                          <test-case name="Castle.Core.Tests.Resources.UncResourceFactoryTestCase.CreateRelative" executed="False">
                            <reason>
                              <message><![CDATA[Explicit selection required]]></message>
                            </reason>
                          </test-case>
                          <test-case name="Castle.Core.Tests.Resources.UncResourceFactoryTestCase.NonExistingResource" executed="False">
                            <reason>
                              <message><![CDATA[Explicit selection required]]></message>
                            </reason>
                          </test-case>
                        </results>
                      </test-suite>
                    </results>
                  </test-suite>
                  <test-suite name="Castle.Core.Tests.GraphTestCase" success="True" time="0.000" asserts="0">
                    <results>
                      <test-case name="Castle.Core.Tests.GraphTestCase.SimpleUsage" executed="True" success="True" time="0.000" asserts="2" />
                      <test-case name="Castle.Core.Tests.GraphTestCase.Removal" executed="True" success="True" time="0.000" asserts="4" />
                      <test-case name="Castle.Core.Tests.GraphTestCase.TopologicalSortOneElement" executed="True" success="True" time="0.000" asserts="1" />
                      <test-case name="Castle.Core.Tests.GraphTestCase.TopologicalSortSimple" executed="True" success="True" time="0.000" asserts="4" />
                      <test-case name="Castle.Core.Tests.GraphTestCase.ComplexDag" executed="True" success="True" time="0.000" asserts="9" />
                    </results>
                  </test-suite>
                  <test-suite name="Castle.Core.Tests.LinkedListTestCase" success="True" time="0.016" asserts="0">
                    <results>
                      <test-case name="Castle.Core.Tests.LinkedListTestCase.Enumerable" executed="True" success="True" time="0.000" asserts="3" />
                      <test-case name="Castle.Core.Tests.LinkedListTestCase.AddFirst" executed="True" success="True" time="0.000" asserts="6" />
                      <test-case name="Castle.Core.Tests.LinkedListTestCase.Add" executed="True" success="True" time="0.000" asserts="6" />
                      <test-case name="Castle.Core.Tests.LinkedListTestCase.RemoveBoundary1" executed="True" success="True" time="0.000" asserts="3" />
                      <test-case name="Castle.Core.Tests.LinkedListTestCase.RemoveBoundary2" executed="True" success="True" time="0.000" asserts="3" />
                      <test-case name="Castle.Core.Tests.LinkedListTestCase.RemoveBoundary3" executed="True" success="True" time="0.000" asserts="3" />
                      <test-case name="Castle.Core.Tests.LinkedListTestCase.RemoveMiddle1" executed="True" success="True" time="0.000" asserts="3" />
                      <test-case name="Castle.Core.Tests.LinkedListTestCase.RemoveMiddle2" executed="True" success="True" time="0.000" asserts="3" />
                      <test-case name="Castle.Core.Tests.LinkedListTestCase.IndexOf1" executed="True" success="True" time="0.000" asserts="2" />
                      <test-case name="Castle.Core.Tests.LinkedListTestCase.IndexOf2" executed="True" success="True" time="0.016" asserts="2" />
                      <test-case name="Castle.Core.Tests.LinkedListTestCase.Insert0" executed="True" success="True" time="0.000" asserts="2" />
                      <test-case name="Castle.Core.Tests.LinkedListTestCase.Insert1" executed="True" success="True" time="0.000" asserts="2" />
                      <test-case name="Castle.Core.Tests.LinkedListTestCase.Insert2" executed="True" success="True" time="0.000" asserts="2" />
                      <test-case name="Castle.Core.Tests.LinkedListTestCase.Insert2bis" executed="True" success="True" time="0.000" asserts="2" />
                      <test-case name="Castle.Core.Tests.LinkedListTestCase.Replace1" executed="True" success="True" time="0.000" asserts="3" />
                      <test-case name="Castle.Core.Tests.LinkedListTestCase.Replace2" executed="True" success="True" time="0.000" asserts="3" />
                      <test-case name="Castle.Core.Tests.LinkedListTestCase.Replace3" executed="True" success="True" time="0.000" asserts="3" />
                      <test-case name="Castle.Core.Tests.LinkedListTestCase.Replace4" executed="True" success="True" time="0.000" asserts="3" />
                      <test-case name="Castle.Core.Tests.LinkedListTestCase.ToArray" executed="True" success="True" time="0.000" asserts="3" />
                    </results>
                  </test-suite>
                </results>
              </test-suite>
              <test-suite name="Castle.Core.Logging" success="True" time="0.625" asserts="0">
                <results>
                  <test-suite name="Castle.Core.Logging.Tests" success="True" time="0.625" asserts="0">
                    <results>
                      <test-suite name="Castle.Core.Logging.Tests.ConsoleLoggerTestCase" success="True" time="0.000" asserts="0">
                        <results>
                          <test-case name="Castle.Core.Logging.Tests.ConsoleLoggerTestCase.InfoLogger" executed="True" success="True" time="0.000" asserts="1" />
                          <test-case name="Castle.Core.Logging.Tests.ConsoleLoggerTestCase.DebugLogger" executed="True" success="True" time="0.000" asserts="1" />
                          <test-case name="Castle.Core.Logging.Tests.ConsoleLoggerTestCase.WarnLogger" executed="True" success="True" time="0.000" asserts="1" />
                          <test-case name="Castle.Core.Logging.Tests.ConsoleLoggerTestCase.ExceptionLogging" executed="True" success="True" time="0.000" asserts="1" />
                        </results>
                      </test-suite>
                      <test-suite name="Castle.Core.Logging.Tests.DiagnosticsLoggerTestCase" success="True" time="0.453" asserts="0">
                        <results>
                          <test-case name="Castle.Core.Logging.Tests.DiagnosticsLoggerTestCase.SimpleUsage" executed="True" success="True" time="0.453" asserts="1" />
                        </results>
                      </test-suite>
                      <test-suite name="Castle.Core.Logging.Tests.PropertyTests" success="True" time="0.016" asserts="0">
                        <results>
                          <test-case name="Castle.Core.Logging.Tests.PropertyTests.LevelDebug" executed="True" success="True" time="0.000" asserts="5" />
                          <test-case name="Castle.Core.Logging.Tests.PropertyTests.LevelInfo" executed="True" success="True" time="0.000" asserts="5" />
                          <test-case name="Castle.Core.Logging.Tests.PropertyTests.LevelWarn" executed="True" success="True" time="0.000" asserts="5" />
                          <test-case name="Castle.Core.Logging.Tests.PropertyTests.LevelError" executed="True" success="True" time="0.000" asserts="5" />
                          <test-case name="Castle.Core.Logging.Tests.PropertyTests.LevelFatal" executed="True" success="True" time="0.000" asserts="5" />
                          <test-case name="Castle.Core.Logging.Tests.PropertyTests.LevelOff" executed="True" success="True" time="0.000" asserts="5" />
                          <test-case name="Castle.Core.Logging.Tests.PropertyTests.DefaultLevel" executed="True" success="True" time="0.000" asserts="1" />
                          <test-case name="Castle.Core.Logging.Tests.PropertyTests.Level" executed="True" success="True" time="0.016" asserts="6" />
                          <test-case name="Castle.Core.Logging.Tests.PropertyTests.DefaultName" executed="True" success="True" time="0.000" asserts="1" />
                          <test-case name="Castle.Core.Logging.Tests.PropertyTests.Name" executed="True" success="True" time="0.000" asserts="2" />
                          <test-case name="Castle.Core.Logging.Tests.PropertyTests.SettingNameToNull" executed="True" success="True" time="0.000" asserts="0" />
                        </results>
                      </test-suite>
                      <test-suite name="Castle.Core.Logging.Tests.LoggingTests" success="True" time="0.047" asserts="0">
                        <results>
                          <test-case name="Castle.Core.Logging.Tests.LoggingTests.Debug" executed="True" success="True" time="0.000" asserts="5" />
                          <test-case name="Castle.Core.Logging.Tests.LoggingTests.DebugWithException" executed="True" success="True" time="0.000" asserts="5" />
                          <test-case name="Castle.Core.Logging.Tests.LoggingTests.DebugWithArgs" executed="True" success="True" time="0.000" asserts="5" />
                          <test-case name="Castle.Core.Logging.Tests.LoggingTests.DebugLevelDebug" executed="True" success="True" time="0.000" asserts="5" />
                          <test-case name="Castle.Core.Logging.Tests.LoggingTests.DebugLevelInfo" executed="True" success="True" time="0.000" asserts="1" />
                          <test-case name="Castle.Core.Logging.Tests.LoggingTests.DebugLevelWarn" executed="True" success="True" time="0.000" asserts="1" />
                          <test-case name="Castle.Core.Logging.Tests.LoggingTests.DebugLevelError" executed="True" success="True" time="0.000" asserts="1" />
                          <test-case name="Castle.Core.Logging.Tests.LoggingTests.DebugLevelFatal" executed="True" success="True" time="0.000" asserts="1" />
                          <test-case name="Castle.Core.Logging.Tests.LoggingTests.DebugLevelOff" executed="True" success="True" time="0.000" asserts="1" />
                          <test-case name="Castle.Core.Logging.Tests.LoggingTests.DebugLevelDebugWithException" executed="True" success="True" time="0.000" asserts="5" />
                          <test-case name="Castle.Core.Logging.Tests.LoggingTests.DebugLevelInfoWithException" executed="True" success="True" time="0.000" asserts="1" />
                          <test-case name="Castle.Core.Logging.Tests.LoggingTests.DebugLevelWarnWithException" executed="True" success="True" time="0.000" asserts="1" />
                          <test-case name="Castle.Core.Logging.Tests.LoggingTests.DebugLevelErrorWithException" executed="True" success="True" time="0.000" asserts="1" />
                          <test-case name="Castle.Core.Logging.Tests.LoggingTests.DebugLevelFatalWithException" executed="True" success="True" time="0.000" asserts="1" />
                          <test-case name="Castle.Core.Logging.Tests.LoggingTests.DebugLevelOffWithException" executed="True" success="True" time="0.000" asserts="1" />
                          <test-case name="Castle.Core.Logging.Tests.LoggingTests.DebugLevelDebugWithArgs" executed="True" success="True" time="0.000" asserts="5" />
                          <test-case name="Castle.Core.Logging.Tests.LoggingTests.DebugLevelInfoWithArgs" executed="True" success="True" time="0.000" asserts="1" />
                          <test-case name="Castle.Core.Logging.Tests.LoggingTests.DebugLevelWarnWithArgs" executed="True" success="True" time="0.000" asserts="1" />
                          <test-case name="Castle.Core.Logging.Tests.LoggingTests.DebugLevelErrorWithArgs" executed="True" success="True" time="0.000" asserts="1" />
                          <test-case name="Castle.Core.Logging.Tests.LoggingTests.DebugLevelFatalWithArgs" executed="True" success="True" time="0.000" asserts="1" />
                          <test-case name="Castle.Core.Logging.Tests.LoggingTests.DebugLevelOffWithArgs" executed="True" success="True" time="0.000" asserts="1" />
                          <test-case name="Castle.Core.Logging.Tests.LoggingTests.Info" executed="True" success="True" time="0.000" asserts="5" />
                          <test-case name="Castle.Core.Logging.Tests.LoggingTests.InfoWithException" executed="True" success="True" time="0.000" asserts="5" />
                          <test-case name="Castle.Core.Logging.Tests.LoggingTests.InfoWithArgs" executed="True" success="True" time="0.000" asserts="5" />
                          <test-case name="Castle.Core.Logging.Tests.LoggingTests.InfoLevelDebug" executed="True" success="True" time="0.000" asserts="5" />
                          <test-case name="Castle.Core.Logging.Tests.LoggingTests.InfoLevelInfo" executed="True" success="True" time="0.000" asserts="5" />
                          <test-case name="Castle.Core.Logging.Tests.LoggingTests.InfoLevelWarn" executed="True" success="True" time="0.000" asserts="1" />
                          <test-case name="Castle.Core.Logging.Tests.LoggingTests.InfoLevelError" executed="True" success="True" time="0.000" asserts="1" />
                          <test-case name="Castle.Core.Logging.Tests.LoggingTests.InfoLevelFatal" executed="True" success="True" time="0.000" asserts="1" />
                          <test-case name="Castle.Core.Logging.Tests.LoggingTests.InfoLevelOff" executed="True" success="True" time="0.000" asserts="1" />
                          <test-case name="Castle.Core.Logging.Tests.LoggingTests.InfoLevelDebugWithException" executed="True" success="True" time="0.000" asserts="5" />
                          <test-case name="Castle.Core.Logging.Tests.LoggingTests.InfoLevelInfoWithException" executed="True" success="True" time="0.000" asserts="5" />
                          <test-case name="Castle.Core.Logging.Tests.LoggingTests.InfoLevelWarnWithException" executed="True" success="True" time="0.000" asserts="1" />
                          <test-case name="Castle.Core.Logging.Tests.LoggingTests.InfoLevelErrorWithException" executed="True" success="True" time="0.000" asserts="1" />
                          <test-case name="Castle.Core.Logging.Tests.LoggingTests.InfoLevelFatalWithException" executed="True" success="True" time="0.000" asserts="1" />
                          <test-case name="Castle.Core.Logging.Tests.LoggingTests.InfoLevelOffWithException" executed="True" success="True" time="0.000" asserts="1" />
                          <test-case name="Castle.Core.Logging.Tests.LoggingTests.InfoLevelDebugWithArgs" executed="True" success="True" time="0.000" asserts="5" />
                          <test-case name="Castle.Core.Logging.Tests.LoggingTests.InfoLevelInfoWithArgs" executed="True" success="True" time="0.000" asserts="5" />
                          <test-case name="Castle.Core.Logging.Tests.LoggingTests.InfoLevelWarnWithArgs" executed="True" success="True" time="0.000" asserts="1" />
                          <test-case name="Castle.Core.Logging.Tests.LoggingTests.InfoLevelErrorWithArgs" executed="True" success="True" time="0.000" asserts="1" />
                          <test-case name="Castle.Core.Logging.Tests.LoggingTests.InfoLevelFatalWithArgs" executed="True" success="True" time="0.000" asserts="1" />
                          <test-case name="Castle.Core.Logging.Tests.LoggingTests.InfoLevelOffWithArgs" executed="True" success="True" time="0.000" asserts="1" />
                          <test-case name="Castle.Core.Logging.Tests.LoggingTests.Warn" executed="True" success="True" time="0.000" asserts="5" />
                          <test-case name="Castle.Core.Logging.Tests.LoggingTests.WarnWithException" executed="True" success="True" time="0.000" asserts="5" />
                          <test-case name="Castle.Core.Logging.Tests.LoggingTests.WarnWithArgs" executed="True" success="True" time="0.000" asserts="5" />
                          <test-case name="Castle.Core.Logging.Tests.LoggingTests.WarnLevelDebug" executed="True" success="True" time="0.000" asserts="5" />
                          <test-case name="Castle.Core.Logging.Tests.LoggingTests.WarnLevelInfo" executed="True" success="True" time="0.000" asserts="5" />
                          <test-case name="Castle.Core.Logging.Tests.LoggingTests.WarnLevelWarn" executed="True" success="True" time="0.000" asserts="5" />
                          <test-case name="Castle.Core.Logging.Tests.LoggingTests.WarnLevelError" executed="True" success="True" time="0.000" asserts="1" />
                          <test-case name="Castle.Core.Logging.Tests.LoggingTests.WarnLevelFatal" executed="True" success="True" time="0.000" asserts="1" />
                          <test-case name="Castle.Core.Logging.Tests.LoggingTests.WarnLevelOff" executed="True" success="True" time="0.000" asserts="1" />
                          <test-case name="Castle.Core.Logging.Tests.LoggingTests.WarnLevelDebugWithException" executed="True" success="True" time="0.000" asserts="5" />
                          <test-case name="Castle.Core.Logging.Tests.LoggingTests.WarnLevelInfoWithException" executed="True" success="True" time="0.000" asserts="5" />
                          <test-case name="Castle.Core.Logging.Tests.LoggingTests.WarnLevelWarnWithException" executed="True" success="True" time="0.000" asserts="5" />
                          <test-case name="Castle.Core.Logging.Tests.LoggingTests.WarnLevelErrorWithException" executed="True" success="True" time="0.000" asserts="1" />
                          <test-case name="Castle.Core.Logging.Tests.LoggingTests.WarnLevelFatalWithException" executed="True" success="True" time="0.000" asserts="1" />
                          <test-case name="Castle.Core.Logging.Tests.LoggingTests.WarnLevelOffWithException" executed="True" success="True" time="0.000" asserts="1" />
                          <test-case name="Castle.Core.Logging.Tests.LoggingTests.WarnLevelDebugWithArgs" executed="True" success="True" time="0.000" asserts="5" />
                          <test-case name="Castle.Core.Logging.Tests.LoggingTests.WarnLevelInfoWithArgs" executed="True" success="True" time="0.000" asserts="5" />
                          <test-case name="Castle.Core.Logging.Tests.LoggingTests.WarnLevelWarnWithArgs" executed="True" success="True" time="0.000" asserts="5" />
                          <test-case name="Castle.Core.Logging.Tests.LoggingTests.WarnLevelErrorWithArgs" executed="True" success="True" time="0.000" asserts="1" />
                          <test-case name="Castle.Core.Logging.Tests.LoggingTests.WarnLevelFatalWithArgs" executed="True" success="True" time="0.000" asserts="1" />
                          <test-case name="Castle.Core.Logging.Tests.LoggingTests.WarnLevelOffWithArgs" executed="True" success="True" time="0.000" asserts="1" />
                          <test-case name="Castle.Core.Logging.Tests.LoggingTests.Error" executed="True" success="True" time="0.000" asserts="5" />
                          <test-case name="Castle.Core.Logging.Tests.LoggingTests.ErrorWithException" executed="True" success="True" time="0.000" asserts="5" />
                          <test-case name="Castle.Core.Logging.Tests.LoggingTests.ErrorWithArgs" executed="True" success="True" time="0.000" asserts="5" />
                          <test-case name="Castle.Core.Logging.Tests.LoggingTests.ErrorLevelDebug" executed="True" success="True" time="0.000" asserts="5" />
                          <test-case name="Castle.Core.Logging.Tests.LoggingTests.ErrorLevelInfo" executed="True" success="True" time="0.000" asserts="5" />
                          <test-case name="Castle.Core.Logging.Tests.LoggingTests.ErrorLevelWarn" executed="True" success="True" time="0.000" asserts="5" />
                          <test-case name="Castle.Core.Logging.Tests.LoggingTests.ErrorLevelError" executed="True" success="True" time="0.000" asserts="5" />
                          <test-case name="Castle.Core.Logging.Tests.LoggingTests.ErrorLevelFatal" executed="True" success="True" time="0.000" asserts="1" />
                          <test-case name="Castle.Core.Logging.Tests.LoggingTests.ErrorLevelOff" executed="True" success="True" time="0.000" asserts="1" />
                          <test-case name="Castle.Core.Logging.Tests.LoggingTests.ErrorLevelDebugWithException" executed="True" success="True" time="0.000" asserts="5" />
                          <test-case name="Castle.Core.Logging.Tests.LoggingTests.ErrorLevelInfoWithException" executed="True" success="True" time="0.000" asserts="5" />
                          <test-case name="Castle.Core.Logging.Tests.LoggingTests.ErrorLevelWarnWithException" executed="True" success="True" time="0.000" asserts="5" />
                          <test-case name="Castle.Core.Logging.Tests.LoggingTests.ErrorLevelErrorWithException" executed="True" success="True" time="0.000" asserts="5" />
                          <test-case name="Castle.Core.Logging.Tests.LoggingTests.ErrorLevelFatalWithException" executed="True" success="True" time="0.000" asserts="1" />
                          <test-case name="Castle.Core.Logging.Tests.LoggingTests.ErrorLevelOffWithException" executed="True" success="True" time="0.000" asserts="1" />
                          <test-case name="Castle.Core.Logging.Tests.LoggingTests.ErrorLevelDebugWithArgs" executed="True" success="True" time="0.000" asserts="5" />
                          <test-case name="Castle.Core.Logging.Tests.LoggingTests.ErrorLevelInfoWithArgs" executed="True" success="True" time="0.000" asserts="5" />
                          <test-case name="Castle.Core.Logging.Tests.LoggingTests.ErrorLevelWarnWithArgs" executed="True" success="True" time="0.000" asserts="5" />
                          <test-case name="Castle.Core.Logging.Tests.LoggingTests.ErrorLevelErrorWithArgs" executed="True" success="True" time="0.000" asserts="5" />
                          <test-case name="Castle.Core.Logging.Tests.LoggingTests.ErrorLevelFatalWithArgs" executed="True" success="True" time="0.000" asserts="1" />
                          <test-case name="Castle.Core.Logging.Tests.LoggingTests.ErrorLevelOffWithArgs" executed="True" success="True" time="0.000" asserts="1" />
                          <test-case name="Castle.Core.Logging.Tests.LoggingTests.FatalError" executed="True" success="True" time="0.000" asserts="5" />
                          <test-case name="Castle.Core.Logging.Tests.LoggingTests.FatalErrorWithException" executed="True" success="True" time="0.000" asserts="5" />
                          <test-case name="Castle.Core.Logging.Tests.LoggingTests.FatalErrorWithArgs" executed="True" success="True" time="0.000" asserts="5" />
                          <test-case name="Castle.Core.Logging.Tests.LoggingTests.FatalErrorLevelDebug" executed="True" success="True" time="0.000" asserts="5" />
                          <test-case name="Castle.Core.Logging.Tests.LoggingTests.FatalErrorLevelInfo" executed="True" success="True" time="0.000" asserts="5" />
                          <test-case name="Castle.Core.Logging.Tests.LoggingTests.FatalErrorLevelWarn" executed="True" success="True" time="0.000" asserts="5" />
                          <test-case name="Castle.Core.Logging.Tests.LoggingTests.FatalErrorLevelError" executed="True" success="True" time="0.000" asserts="5" />
                          <test-case name="Castle.Core.Logging.Tests.LoggingTests.FatalErrorLevelFatal" executed="True" success="True" time="0.000" asserts="5" />
                          <test-case name="Castle.Core.Logging.Tests.LoggingTests.FatalErrorLevelOff" executed="True" success="True" time="0.000" asserts="1" />
                          <test-case name="Castle.Core.Logging.Tests.LoggingTests.FatalErrorLevelDebugWithException" executed="True" success="True" time="0.000" asserts="5" />
                          <test-case name="Castle.Core.Logging.Tests.LoggingTests.FatalErrorLevelInfoWithException" executed="True" success="True" time="0.000" asserts="5" />
                          <test-case name="Castle.Core.Logging.Tests.LoggingTests.FatalErrorLevelWarnWithException" executed="True" success="True" time="0.000" asserts="5" />
                          <test-case name="Castle.Core.Logging.Tests.LoggingTests.FatalErrorLevelErrorWithException" executed="True" success="True" time="0.000" asserts="5" />
                          <test-case name="Castle.Core.Logging.Tests.LoggingTests.FatalErrorLevelFatalWithException" executed="True" success="True" time="0.000" asserts="5" />
                          <test-case name="Castle.Core.Logging.Tests.LoggingTests.FatalErrorLevelOffWithException" executed="True" success="True" time="0.000" asserts="1" />
                          <test-case name="Castle.Core.Logging.Tests.LoggingTests.FatalErrorLevelDebugWithArgs" executed="True" success="True" time="0.000" asserts="5" />
                          <test-case name="Castle.Core.Logging.Tests.LoggingTests.FatalErrorLevelInfoWithArgs" executed="True" success="True" time="0.000" asserts="5" />
                          <test-case name="Castle.Core.Logging.Tests.LoggingTests.FatalErrorLevelWarnWithArgs" executed="True" success="True" time="0.000" asserts="5" />
                          <test-case name="Castle.Core.Logging.Tests.LoggingTests.FatalErrorLevelErrorWithArgs" executed="True" success="True" time="0.000" asserts="5" />
                          <test-case name="Castle.Core.Logging.Tests.LoggingTests.FatalErrorLevelFatalWithArgs" executed="True" success="True" time="0.000" asserts="5" />
                          <test-case name="Castle.Core.Logging.Tests.LoggingTests.FatalErrorLevelOffWithArgs" executed="True" success="True" time="0.000" asserts="1" />
                        </results>
                      </test-suite>
                      <test-suite name="Castle.Core.Logging.Tests.StreamLoggerTests" success="True" time="0.109" asserts="0">
                        <results>
                          <test-case name="Castle.Core.Logging.Tests.StreamLoggerTests.Debug" executed="True" success="True" time="0.078" asserts="5" />
                          <test-case name="Castle.Core.Logging.Tests.StreamLoggerTests.DebugWithException" executed="True" success="True" time="0.016" asserts="8" />
                          <test-case name="Castle.Core.Logging.Tests.StreamLoggerTests.Info" executed="True" success="True" time="0.000" asserts="5" />
                          <test-case name="Castle.Core.Logging.Tests.StreamLoggerTests.InfoWithException" executed="True" success="True" time="0.000" asserts="8" />
                          <test-case name="Castle.Core.Logging.Tests.StreamLoggerTests.Warn" executed="True" success="True" time="0.000" asserts="5" />
                          <test-case name="Castle.Core.Logging.Tests.StreamLoggerTests.WarnWithException" executed="True" success="True" time="0.000" asserts="8" />
                          <test-case name="Castle.Core.Logging.Tests.StreamLoggerTests.Error" executed="True" success="True" time="0.000" asserts="5" />
                          <test-case name="Castle.Core.Logging.Tests.StreamLoggerTests.ErrorWithException" executed="True" success="True" time="0.000" asserts="8" />
                          <test-case name="Castle.Core.Logging.Tests.StreamLoggerTests.FatalError" executed="True" success="True" time="0.000" asserts="5" />
                          <test-case name="Castle.Core.Logging.Tests.StreamLoggerTests.FatalErrorWithException" executed="True" success="True" time="0.000" asserts="8" />
                        </results>
                      </test-suite>
                    </results>
                  </test-suite>
                </results>
              </test-suite>
            </results>
          </test-suite>
        </results>
      </test-suite>
    </results>
  </test-suite>
</test-results>